build/app/intermediates/manifest_merge_blame_file/debug/manifest-merger-blame-debug-report.txt
1<?xml version="1.0" encoding="utf-8"?>
2<manifest xmlns:android="http://schemas.android.com/apk/res/android"
3    package="com.example.hunger_cravings"
4    android:versionCode="1"
5    android:versionName="1.0.0" >
6
7    <uses-sdk
8        android:minSdkVersion="21"
9        android:targetSdkVersion="33" />
10    <!--
11         The INTERNET permission is required for development. Specifically,
12         the Flutter tool needs it to communicate with the running application
13         to allow setting breakpoints, to provide hot reload, etc.
14    -->
15    <uses-permission android:name="android.permission.INTERNET" />
15-->src/main/AndroidManifest.xml:3:5-66
15-->src/main/AndroidManifest.xml:3:22-64
16    <uses-permission android:name="android.permission.CAMERA" />
16-->src/main/AndroidManifest.xml:4:5-65
16-->src/main/AndroidManifest.xml:4:22-62
17    <uses-permission android:name="android.permission.READ_EXTERNAL_STORAGE" />
17-->src/main/AndroidManifest.xml:5:5-80
17-->src/main/AndroidManifest.xml:5:22-77
18    <uses-permission android:name="android.permission.WRITE_EXTERNAL_STORAGE" />
18-->src/main/AndroidManifest.xml:6:5-81
18-->src/main/AndroidManifest.xml:6:22-78
19    <uses-permission android:name="android.permission.ACCESS_FINE_LOCATION" />
19-->src/main/AndroidManifest.xml:41:5-42:66
19-->src/main/AndroidManifest.xml:42:9-63
20    <uses-permission android:name="android.permission.WAKE_LOCK" />
20-->[:firebase_messaging] AndroidManifest.xml:10:5-68
20-->[:firebase_messaging] AndroidManifest.xml:10:22-65
21    <uses-permission android:name="android.permission.ACCESS_NETWORK_STATE" /> <!-- Permissions options for the `notification` group -->
21-->[:firebase_messaging] AndroidManifest.xml:11:5-79
21-->[:firebase_messaging] AndroidManifest.xml:11:22-76
22    <uses-permission android:name="android.permission.POST_NOTIFICATIONS" />
22-->[:firebase_messaging] AndroidManifest.xml:13:5-77
22-->[:firebase_messaging] AndroidManifest.xml:13:22-74
23    <uses-permission android:name="android.permission.RECEIVE_BOOT_COMPLETED" />
23-->[:flutter_local_notifications] AndroidManifest.xml:9:5-81
23-->[:flutter_local_notifications] AndroidManifest.xml:9:22-78
24    <uses-permission android:name="android.permission.VIBRATE" />
24-->[:flutter_local_notifications] AndroidManifest.xml:10:5-66
24-->[:flutter_local_notifications] AndroidManifest.xml:10:22-63
25    <uses-permission android:name="android.permission.USE_FULL_SCREEN_INTENT" />
25-->[:flutter_local_notifications] AndroidManifest.xml:11:5-81
25-->[:flutter_local_notifications] AndroidManifest.xml:11:22-78
26    <uses-permission android:name="android.permission.SCHEDULE_EXACT_ALARM" /> <!-- Required by older versions of Google Play services to create IID tokens -->
26-->[:flutter_local_notifications] AndroidManifest.xml:12:5-79
26-->[:flutter_local_notifications] AndroidManifest.xml:12:22-76
27    <uses-permission android:name="com.google.android.c2dm.permission.RECEIVE" />
27-->[com.google.firebase:firebase-messaging:23.2.0] AndroidManifest.xml:28:5-82
27-->[com.google.firebase:firebase-messaging:23.2.0] AndroidManifest.xml:28:22-79
28
29    <uses-feature
29-->[com.google.android.gms:play-services-maps:18.1.0] AndroidManifest.xml:26:5-28:35
30        android:glEsVersion="0x00020000"
30-->[com.google.android.gms:play-services-maps:18.1.0] AndroidManifest.xml:27:9-41
31        android:required="true" />
31-->[com.google.android.gms:play-services-maps:18.1.0] AndroidManifest.xml:28:9-32
32
33    <queries>
33-->[com.google.android.gms:play-services-maps:18.1.0] AndroidManifest.xml:30:5-34:15
34
35        <!-- Needs to be explicitly declared on Android R+ -->
36        <package android:name="com.google.android.apps.maps" />
36-->[com.google.android.gms:play-services-maps:18.1.0] AndroidManifest.xml:33:9-64
36-->[com.google.android.gms:play-services-maps:18.1.0] AndroidManifest.xml:33:18-61
37    </queries>
38
39    <permission
39-->[androidx.core:core:1.10.1] AndroidManifest.xml:22:5-24:47
40        android:name="com.example.hunger_cravings.DYNAMIC_RECEIVER_NOT_EXPORTED_PERMISSION"
40-->[androidx.core:core:1.10.1] AndroidManifest.xml:23:9-81
41        android:protectionLevel="signature" />
41-->[androidx.core:core:1.10.1] AndroidManifest.xml:24:9-44
42
43    <uses-permission android:name="com.example.hunger_cravings.DYNAMIC_RECEIVER_NOT_EXPORTED_PERMISSION" />
43-->[androidx.core:core:1.10.1] AndroidManifest.xml:26:5-97
43-->[androidx.core:core:1.10.1] AndroidManifest.xml:26:22-94
44
45    <application
46        android:name="android.app.Application"
47        android:appComponentFactory="androidx.core.app.CoreComponentFactory"
47-->[androidx.core:core:1.10.1] AndroidManifest.xml:28:18-86
48        android:debuggable="true"
49        android:icon="@mipmap/launcher_icon"
50        android:label="hunger_cravings" >
51        <activity
52            android:name="com.example.hunger_cravings.MainActivity"
53            android:configChanges="orientation|keyboardHidden|keyboard|screenSize|smallestScreenSize|locale|layoutDirection|fontScale|screenLayout|density|uiMode"
54            android:exported="true"
55            android:hardwareAccelerated="true"
56            android:launchMode="singleTop"
57            android:theme="@style/LaunchTheme"
58            android:usesCleartextTraffic="true"
59            android:windowSoftInputMode="adjustResize" >
60
61            <!--
62                 Specifies an Android theme to apply to this Activity as soon as
63                 the Android process has started. This theme is visible to the user
64                 while the Flutter UI initializes. After that, this theme continues
65                 to determine the Window background behind the Flutter UI.
66            -->
67            <meta-data
68                android:name="io.flutter.embedding.android.NormalTheme"
69                android:resource="@style/NormalTheme" />
70
71            <intent-filter>
72                <action android:name="android.intent.action.MAIN" />
73
74                <category android:name="android.intent.category.LAUNCHER" />
75            </intent-filter>
76        </activity>
77        <!--
78             Don't delete the meta-data below.
79             This is used by the Flutter tool to generate GeneratedPluginRegistrant.java
80        -->
81        <meta-data
82            android:name="flutterEmbedding"
83            android:value="2" />
84        <meta-data
85            android:name="com.google.android.geo.API_KEY"
86            android:value="AIzaSyB54DzUlc5SPE-1wBjWTfAHHfZrHhbdxvI" />
87
88        <service
88-->[:firebase_database] AndroidManifest.xml:10:9-14:19
89            android:name="com.google.firebase.components.ComponentDiscoveryService"
89-->[:firebase_database] AndroidManifest.xml:10:18-89
90            android:directBootAware="true"
90-->[com.google.firebase:firebase-common:20.3.3] AndroidManifest.xml:34:13-43
91            android:exported="false" >
91-->[com.google.firebase:firebase-auth:22.1.0] AndroidManifest.xml:68:13-37
92            <meta-data
92-->[:firebase_database] AndroidManifest.xml:11:13-13:85
93                android:name="com.google.firebase.components:io.flutter.plugins.firebase.database.FlutterFirebaseAppRegistrar"
93-->[:firebase_database] AndroidManifest.xml:12:17-127
94                android:value="com.google.firebase.components.ComponentRegistrar" />
94-->[:firebase_database] AndroidManifest.xml:13:17-82
95            <meta-data
95-->[:cloud_firestore] AndroidManifest.xml:11:13-13:85
96                android:name="com.google.firebase.components:io.flutter.plugins.firebase.firestore.FlutterFirebaseFirestoreRegistrar"
96-->[:cloud_firestore] AndroidManifest.xml:12:17-134
97                android:value="com.google.firebase.components.ComponentRegistrar" />
97-->[:cloud_firestore] AndroidManifest.xml:13:17-82
98            <meta-data
98-->[:firebase_auth] AndroidManifest.xml:11:13-13:85
99                android:name="com.google.firebase.components:io.flutter.plugins.firebase.auth.FlutterFirebaseAuthRegistrar"
99-->[:firebase_auth] AndroidManifest.xml:12:17-124
100                android:value="com.google.firebase.components.ComponentRegistrar" />
100-->[:firebase_auth] AndroidManifest.xml:13:17-82
101            <meta-data
101-->[:firebase_storage] AndroidManifest.xml:11:13-13:85
102                android:name="com.google.firebase.components:io.flutter.plugins.firebase.storage.FlutterFirebaseAppRegistrar"
102-->[:firebase_storage] AndroidManifest.xml:12:17-126
103                android:value="com.google.firebase.components.ComponentRegistrar" />
103-->[:firebase_storage] AndroidManifest.xml:13:17-82
104            <meta-data
104-->[:firebase_messaging] AndroidManifest.xml:38:13-40:85
105                android:name="com.google.firebase.components:io.flutter.plugins.firebase.messaging.FlutterFirebaseAppRegistrar"
105-->[:firebase_messaging] AndroidManifest.xml:39:17-128
106                android:value="com.google.firebase.components.ComponentRegistrar" />
106-->[:firebase_messaging] AndroidManifest.xml:40:17-82
107            <meta-data
107-->[:firebase_core] AndroidManifest.xml:11:13-13:85
108                android:name="com.google.firebase.components:io.flutter.plugins.firebase.core.FlutterFirebaseCoreRegistrar"
108-->[:firebase_core] AndroidManifest.xml:12:17-124
109                android:value="com.google.firebase.components.ComponentRegistrar" />
109-->[:firebase_core] AndroidManifest.xml:13:17-82
110            <meta-data
110-->[com.google.firebase:firebase-auth:22.1.0] AndroidManifest.xml:69:13-71:85
111                android:name="com.google.firebase.components:com.google.firebase.auth.FirebaseAuthRegistrar"
111-->[com.google.firebase:firebase-auth:22.1.0] AndroidManifest.xml:70:17-109
112                android:value="com.google.firebase.components.ComponentRegistrar" />
112-->[com.google.firebase:firebase-auth:22.1.0] AndroidManifest.xml:71:17-82
113            <meta-data
113-->[com.google.firebase:firebase-messaging:23.2.0] AndroidManifest.xml:55:13-57:85
114                android:name="com.google.firebase.components:com.google.firebase.messaging.FirebaseMessagingRegistrar"
114-->[com.google.firebase:firebase-messaging:23.2.0] AndroidManifest.xml:56:17-119
115                android:value="com.google.firebase.components.ComponentRegistrar" />
115-->[com.google.firebase:firebase-messaging:23.2.0] AndroidManifest.xml:57:17-82
116            <meta-data
116-->[com.google.firebase:firebase-datatransport:18.1.7] AndroidManifest.xml:27:13-29:85
117                android:name="com.google.firebase.components:com.google.firebase.datatransport.TransportRegistrar"
117-->[com.google.firebase:firebase-datatransport:18.1.7] AndroidManifest.xml:28:17-115
118                android:value="com.google.firebase.components.ComponentRegistrar" />
118-->[com.google.firebase:firebase-datatransport:18.1.7] AndroidManifest.xml:29:17-82
119            <meta-data
119-->[com.google.firebase:firebase-firestore:24.7.0] AndroidManifest.xml:19:13-21:85
120                android:name="com.google.firebase.components:com.google.firebase.firestore.FirestoreRegistrar"
120-->[com.google.firebase:firebase-firestore:24.7.0] AndroidManifest.xml:20:17-111
121                android:value="com.google.firebase.components.ComponentRegistrar" />
121-->[com.google.firebase:firebase-firestore:24.7.0] AndroidManifest.xml:21:17-82
122            <meta-data
122-->[com.google.firebase:firebase-storage:20.2.1] AndroidManifest.xml:32:13-34:85
123                android:name="com.google.firebase.components:com.google.firebase.storage.StorageRegistrar"
123-->[com.google.firebase:firebase-storage:20.2.1] AndroidManifest.xml:33:17-107
124                android:value="com.google.firebase.components.ComponentRegistrar" />
124-->[com.google.firebase:firebase-storage:20.2.1] AndroidManifest.xml:34:17-82
125            <meta-data
125-->[com.google.firebase:firebase-database:20.2.2] AndroidManifest.xml:31:13-33:85
126                android:name="com.google.firebase.components:com.google.firebase.database.DatabaseRegistrar"
126-->[com.google.firebase:firebase-database:20.2.2] AndroidManifest.xml:32:17-109
127                android:value="com.google.firebase.components.ComponentRegistrar" />
127-->[com.google.firebase:firebase-database:20.2.2] AndroidManifest.xml:33:17-82
128            <meta-data
128-->[com.google.firebase:firebase-iid:21.1.0] AndroidManifest.xml:32:13-34:85
129                android:name="com.google.firebase.components:com.google.firebase.iid.Registrar"
129-->[com.google.firebase:firebase-iid:21.1.0] AndroidManifest.xml:33:17-96
130                android:value="com.google.firebase.components.ComponentRegistrar" />
130-->[com.google.firebase:firebase-iid:21.1.0] AndroidManifest.xml:34:17-82
131            <meta-data
131-->[com.google.firebase:firebase-installations:17.1.3] AndroidManifest.xml:17:13-19:85
132                android:name="com.google.firebase.components:com.google.firebase.installations.FirebaseInstallationsRegistrar"
132-->[com.google.firebase:firebase-installations:17.1.3] AndroidManifest.xml:18:17-127
133                android:value="com.google.firebase.components.ComponentRegistrar" />
133-->[com.google.firebase:firebase-installations:17.1.3] AndroidManifest.xml:19:17-82
134        </service>
135        <service
135-->[:firebase_messaging] AndroidManifest.xml:16:9-19:72
136            android:name="io.flutter.plugins.firebase.messaging.FlutterFirebaseMessagingBackgroundService"
136-->[:firebase_messaging] AndroidManifest.xml:17:13-107
137            android:exported="false"
137-->[:firebase_messaging] AndroidManifest.xml:18:13-37
138            android:permission="android.permission.BIND_JOB_SERVICE" />
138-->[:firebase_messaging] AndroidManifest.xml:19:13-69
139        <service
139-->[:firebase_messaging] AndroidManifest.xml:20:9-26:19
140            android:name="io.flutter.plugins.firebase.messaging.FlutterFirebaseMessagingService"
140-->[:firebase_messaging] AndroidManifest.xml:21:13-97
141            android:exported="false" >
141-->[:firebase_messaging] AndroidManifest.xml:22:13-37
142            <intent-filter>
142-->[:firebase_messaging] AndroidManifest.xml:23:13-25:29
143                <action android:name="com.google.firebase.MESSAGING_EVENT" />
143-->[:firebase_messaging] AndroidManifest.xml:24:17-78
143-->[:firebase_messaging] AndroidManifest.xml:24:25-75
144            </intent-filter>
145        </service>
146
147        <receiver
147-->[:firebase_messaging] AndroidManifest.xml:28:9-35:20
148            android:name="io.flutter.plugins.firebase.messaging.FlutterFirebaseMessagingReceiver"
148-->[:firebase_messaging] AndroidManifest.xml:29:13-98
149            android:exported="true"
149-->[:firebase_messaging] AndroidManifest.xml:30:13-36
150            android:permission="com.google.android.c2dm.permission.SEND" >
150-->[:firebase_messaging] AndroidManifest.xml:31:13-73
151            <intent-filter>
151-->[:firebase_messaging] AndroidManifest.xml:32:13-34:29
152                <action android:name="com.google.android.c2dm.intent.RECEIVE" />
152-->[:firebase_messaging] AndroidManifest.xml:33:17-81
152-->[:firebase_messaging] AndroidManifest.xml:33:25-78
153            </intent-filter>
154        </receiver>
155
156        <provider
156-->[:firebase_messaging] AndroidManifest.xml:43:9-47:38
157            android:name="io.flutter.plugins.firebase.messaging.FlutterFirebaseMessagingInitProvider"
157-->[:firebase_messaging] AndroidManifest.xml:44:13-102
158            android:authorities="com.example.hunger_cravings.flutterfirebasemessaginginitprovider"
158-->[:firebase_messaging] AndroidManifest.xml:45:13-88
159            android:exported="false"
159-->[:firebase_messaging] AndroidManifest.xml:46:13-37
160            android:initOrder="99" />
160-->[:firebase_messaging] AndroidManifest.xml:47:13-35
161
162        <receiver
162-->[:flutter_local_notifications] AndroidManifest.xml:16:9-18:40
163            android:name="com.dexterous.flutterlocalnotifications.ActionBroadcastReceiver"
163-->[:flutter_local_notifications] AndroidManifest.xml:17:13-91
164            android:exported="false" />
164-->[:flutter_local_notifications] AndroidManifest.xml:18:13-37
165        <receiver
165-->[:flutter_local_notifications] AndroidManifest.xml:19:9-21:40
166            android:name="com.dexterous.flutterlocalnotifications.ScheduledNotificationReceiver"
166-->[:flutter_local_notifications] AndroidManifest.xml:20:13-97
167            android:exported="false" />
167-->[:flutter_local_notifications] AndroidManifest.xml:21:13-37
168        <receiver
168-->[:flutter_local_notifications] AndroidManifest.xml:22:9-31:20
169            android:name="com.dexterous.flutterlocalnotifications.ScheduledNotificationBootReceiver"
169-->[:flutter_local_notifications] AndroidManifest.xml:23:13-101
170            android:exported="false" >
170-->[:flutter_local_notifications] AndroidManifest.xml:24:13-37
171            <intent-filter>
171-->[:flutter_local_notifications] AndroidManifest.xml:25:13-30:29
172                <action android:name="android.intent.action.BOOT_COMPLETED" />
172-->[:flutter_local_notifications] AndroidManifest.xml:26:17-79
172-->[:flutter_local_notifications] AndroidManifest.xml:26:25-76
173                <action android:name="android.intent.action.MY_PACKAGE_REPLACED" />
173-->[:flutter_local_notifications] AndroidManifest.xml:27:17-84
173-->[:flutter_local_notifications] AndroidManifest.xml:27:25-81
174                <action android:name="android.intent.action.QUICKBOOT_POWERON" />
174-->[:flutter_local_notifications] AndroidManifest.xml:28:17-82
174-->[:flutter_local_notifications] AndroidManifest.xml:28:25-79
175                <action android:name="com.htc.intent.action.QUICKBOOT_POWERON" />
175-->[:flutter_local_notifications] AndroidManifest.xml:29:17-82
175-->[:flutter_local_notifications] AndroidManifest.xml:29:25-79
176            </intent-filter>
177        </receiver>
178
179        <activity
179-->[:url_launcher_android] AndroidManifest.xml:10:9-13:74
180            android:name="io.flutter.plugins.urllauncher.WebViewActivity"
180-->[:url_launcher_android] AndroidManifest.xml:11:13-74
181            android:exported="false"
181-->[:url_launcher_android] AndroidManifest.xml:12:13-37
182            android:theme="@android:style/Theme.NoTitleBar.Fullscreen" />
182-->[:url_launcher_android] AndroidManifest.xml:13:13-71
183        <activity
183-->[com.google.firebase:firebase-auth:22.1.0] AndroidManifest.xml:29:9-46:20
184            android:name="com.google.firebase.auth.internal.GenericIdpActivity"
184-->[com.google.firebase:firebase-auth:22.1.0] AndroidManifest.xml:30:13-80
185            android:excludeFromRecents="true"
185-->[com.google.firebase:firebase-auth:22.1.0] AndroidManifest.xml:31:13-46
186            android:exported="true"
186-->[com.google.firebase:firebase-auth:22.1.0] AndroidManifest.xml:32:13-36
187            android:launchMode="singleTask"
187-->[com.google.firebase:firebase-auth:22.1.0] AndroidManifest.xml:33:13-44
188            android:theme="@android:style/Theme.Translucent.NoTitleBar" >
188-->[com.google.firebase:firebase-auth:22.1.0] AndroidManifest.xml:34:13-72
189            <intent-filter>
189-->[com.google.firebase:firebase-auth:22.1.0] AndroidManifest.xml:35:13-45:29
190                <action android:name="android.intent.action.VIEW" />
190-->[com.google.firebase:firebase-auth:22.1.0] AndroidManifest.xml:36:17-69
190-->[com.google.firebase:firebase-auth:22.1.0] AndroidManifest.xml:36:25-66
191
192                <category android:name="android.intent.category.DEFAULT" />
192-->[com.google.firebase:firebase-auth:22.1.0] AndroidManifest.xml:38:17-76
192-->[com.google.firebase:firebase-auth:22.1.0] AndroidManifest.xml:38:27-73
193                <category android:name="android.intent.category.BROWSABLE" />
193-->[com.google.firebase:firebase-auth:22.1.0] AndroidManifest.xml:39:17-78
193-->[com.google.firebase:firebase-auth:22.1.0] AndroidManifest.xml:39:27-75
194
195                <data
195-->[com.google.firebase:firebase-auth:22.1.0] AndroidManifest.xml:41:17-44:51
196                    android:host="firebase.auth"
196-->[com.google.firebase:firebase-auth:22.1.0] AndroidManifest.xml:42:21-49
197                    android:path="/"
197-->[com.google.firebase:firebase-auth:22.1.0] AndroidManifest.xml:43:21-37
198                    android:scheme="genericidp" />
198-->[com.google.firebase:firebase-auth:22.1.0] AndroidManifest.xml:44:21-48
199            </intent-filter>
200        </activity>
201        <activity
201-->[com.google.firebase:firebase-auth:22.1.0] AndroidManifest.xml:47:9-64:20
202            android:name="com.google.firebase.auth.internal.RecaptchaActivity"
202-->[com.google.firebase:firebase-auth:22.1.0] AndroidManifest.xml:48:13-79
203            android:excludeFromRecents="true"
203-->[com.google.firebase:firebase-auth:22.1.0] AndroidManifest.xml:49:13-46
204            android:exported="true"
204-->[com.google.firebase:firebase-auth:22.1.0] AndroidManifest.xml:50:13-36
205            android:launchMode="singleTask"
205-->[com.google.firebase:firebase-auth:22.1.0] AndroidManifest.xml:51:13-44
206            android:theme="@android:style/Theme.Translucent.NoTitleBar" >
206-->[com.google.firebase:firebase-auth:22.1.0] AndroidManifest.xml:52:13-72
207            <intent-filter>
207-->[com.google.firebase:firebase-auth:22.1.0] AndroidManifest.xml:53:13-63:29
208                <action android:name="android.intent.action.VIEW" />
208-->[com.google.firebase:firebase-auth:22.1.0] AndroidManifest.xml:36:17-69
208-->[com.google.firebase:firebase-auth:22.1.0] AndroidManifest.xml:36:25-66
209
210                <category android:name="android.intent.category.DEFAULT" />
210-->[com.google.firebase:firebase-auth:22.1.0] AndroidManifest.xml:38:17-76
210-->[com.google.firebase:firebase-auth:22.1.0] AndroidManifest.xml:38:27-73
211                <category android:name="android.intent.category.BROWSABLE" />
211-->[com.google.firebase:firebase-auth:22.1.0] AndroidManifest.xml:39:17-78
211-->[com.google.firebase:firebase-auth:22.1.0] AndroidManifest.xml:39:27-75
212
213                <data
213-->[com.google.firebase:firebase-auth:22.1.0] AndroidManifest.xml:41:17-44:51
214                    android:host="firebase.auth"
214-->[com.google.firebase:firebase-auth:22.1.0] AndroidManifest.xml:42:21-49
215                    android:path="/"
215-->[com.google.firebase:firebase-auth:22.1.0] AndroidManifest.xml:43:21-37
216                    android:scheme="recaptcha" />
216-->[com.google.firebase:firebase-auth:22.1.0] AndroidManifest.xml:44:21-48
217            </intent-filter>
218        </activity>
219
220        <uses-library
220-->[androidx.window:window:1.0.0-beta04] AndroidManifest.xml:25:9-27:40
221            android:name="androidx.window.extensions"
221-->[androidx.window:window:1.0.0-beta04] AndroidManifest.xml:26:13-54
222            android:required="false" />
222-->[androidx.window:window:1.0.0-beta04] AndroidManifest.xml:27:13-37
223        <uses-library
223-->[androidx.window:window:1.0.0-beta04] AndroidManifest.xml:28:9-30:40
224            android:name="androidx.window.sidecar"
224-->[androidx.window:window:1.0.0-beta04] AndroidManifest.xml:29:13-51
225            android:required="false" />
225-->[androidx.window:window:1.0.0-beta04] AndroidManifest.xml:30:13-37
226
227        <receiver
227-->[com.google.firebase:firebase-messaging:23.2.0] AndroidManifest.xml:31:9-38:20
228            android:name="com.google.firebase.iid.FirebaseInstanceIdReceiver"
228-->[com.google.firebase:firebase-messaging:23.2.0] AndroidManifest.xml:32:13-78
229            android:exported="true"
229-->[com.google.firebase:firebase-messaging:23.2.0] AndroidManifest.xml:33:13-36
230            android:permission="com.google.android.c2dm.permission.SEND" >
230-->[com.google.firebase:firebase-messaging:23.2.0] AndroidManifest.xml:34:13-73
231            <intent-filter>
231-->[:firebase_messaging] AndroidManifest.xml:32:13-34:29
232                <action android:name="com.google.android.c2dm.intent.RECEIVE" />
232-->[:firebase_messaging] AndroidManifest.xml:33:17-81
232-->[:firebase_messaging] AndroidManifest.xml:33:25-78
233            </intent-filter>
234        </receiver>
235        <!--
236             FirebaseMessagingService performs security checks at runtime,
237             but set to not exported to explicitly avoid allowing another app to call it.
238        -->
239        <service
239-->[com.google.firebase:firebase-messaging:23.2.0] AndroidManifest.xml:44:9-51:19
240            android:name="com.google.firebase.messaging.FirebaseMessagingService"
240-->[com.google.firebase:firebase-messaging:23.2.0] AndroidManifest.xml:45:13-82
241            android:directBootAware="true"
241-->[com.google.firebase:firebase-messaging:23.2.0] AndroidManifest.xml:46:13-43
242            android:exported="false" >
242-->[com.google.firebase:firebase-messaging:23.2.0] AndroidManifest.xml:47:13-37
243            <intent-filter android:priority="-500" >
243-->[:firebase_messaging] AndroidManifest.xml:23:13-25:29
244                <action android:name="com.google.firebase.MESSAGING_EVENT" />
244-->[:firebase_messaging] AndroidManifest.xml:24:17-78
244-->[:firebase_messaging] AndroidManifest.xml:24:25-75
245            </intent-filter>
246        </service>
247        <service
247-->[com.google.android.datatransport:transport-backend-cct:3.1.8] AndroidManifest.xml:28:9-34:19
248            android:name="com.google.android.datatransport.runtime.backends.TransportBackendDiscovery"
248-->[com.google.android.datatransport:transport-backend-cct:3.1.8] AndroidManifest.xml:29:13-103
249            android:exported="false" >
249-->[com.google.android.datatransport:transport-backend-cct:3.1.8] AndroidManifest.xml:30:13-37
250            <meta-data
250-->[com.google.android.datatransport:transport-backend-cct:3.1.8] AndroidManifest.xml:31:13-33:39
251                android:name="backend:com.google.android.datatransport.cct.CctBackendFactory"
251-->[com.google.android.datatransport:transport-backend-cct:3.1.8] AndroidManifest.xml:32:17-94
252                android:value="cct" />
252-->[com.google.android.datatransport:transport-backend-cct:3.1.8] AndroidManifest.xml:33:17-36
253        </service>
254        <service
254-->[com.google.android.datatransport:transport-runtime:3.1.8] AndroidManifest.xml:26:9-30:19
255            android:name="com.google.android.datatransport.runtime.scheduling.jobscheduling.JobInfoSchedulerService"
255-->[com.google.android.datatransport:transport-runtime:3.1.8] AndroidManifest.xml:27:13-117
256            android:exported="false"
256-->[com.google.android.datatransport:transport-runtime:3.1.8] AndroidManifest.xml:28:13-37
257            android:permission="android.permission.BIND_JOB_SERVICE" >
257-->[com.google.android.datatransport:transport-runtime:3.1.8] AndroidManifest.xml:29:13-69
258        </service>
259
260        <receiver
260-->[com.google.android.datatransport:transport-runtime:3.1.8] AndroidManifest.xml:32:9-34:40
261            android:name="com.google.android.datatransport.runtime.scheduling.jobscheduling.AlarmManagerSchedulerBroadcastReceiver"
261-->[com.google.android.datatransport:transport-runtime:3.1.8] AndroidManifest.xml:33:13-132
262            android:exported="false" />
262-->[com.google.android.datatransport:transport-runtime:3.1.8] AndroidManifest.xml:34:13-37
263
264        <provider
264-->[com.google.firebase:firebase-common:20.3.3] AndroidManifest.xml:25:9-30:39
265            android:name="com.google.firebase.provider.FirebaseInitProvider"
265-->[com.google.firebase:firebase-common:20.3.3] AndroidManifest.xml:26:13-77
266            android:authorities="com.example.hunger_cravings.firebaseinitprovider"
266-->[com.google.firebase:firebase-common:20.3.3] AndroidManifest.xml:27:13-72
267            android:directBootAware="true"
267-->[com.google.firebase:firebase-common:20.3.3] AndroidManifest.xml:28:13-43
268            android:exported="false"
268-->[com.google.firebase:firebase-common:20.3.3] AndroidManifest.xml:29:13-37
269            android:initOrder="100" /> <!-- Needs to be explicitly declared on P+ -->
269-->[com.google.firebase:firebase-common:20.3.3] AndroidManifest.xml:30:13-36
270        <uses-library
270-->[com.google.android.gms:play-services-maps:18.1.0] AndroidManifest.xml:39:9-41:40
271            android:name="org.apache.http.legacy"
271-->[com.google.android.gms:play-services-maps:18.1.0] AndroidManifest.xml:40:13-50
272            android:required="false" />
272-->[com.google.android.gms:play-services-maps:18.1.0] AndroidManifest.xml:41:13-37
273
274        <activity
274-->[com.google.android.gms:play-services-base:18.1.0] AndroidManifest.xml:20:9-22:45
275            android:name="com.google.android.gms.common.api.GoogleApiActivity"
275-->[com.google.android.gms:play-services-base:18.1.0] AndroidManifest.xml:20:19-85
276            android:exported="false"
276-->[com.google.android.gms:play-services-base:18.1.0] AndroidManifest.xml:22:19-43
277            android:theme="@android:style/Theme.Translucent.NoTitleBar" />
277-->[com.google.android.gms:play-services-base:18.1.0] AndroidManifest.xml:21:19-78
278
279        <meta-data
279-->[com.google.android.gms:play-services-basement:18.1.0] AndroidManifest.xml:21:9-23:69
280            android:name="com.google.android.gms.version"
280-->[com.google.android.gms:play-services-basement:18.1.0] AndroidManifest.xml:22:13-58
281            android:value="@integer/google_play_services_version" />
281-->[com.google.android.gms:play-services-basement:18.1.0] AndroidManifest.xml:23:13-66
282    </application>
283
284</manifest>